[0.155s] Invoking command in '/home/pl/ros2_ws1/build/sdk_topic_cpp': CMAKE_PREFIX_PATH=${CMAKE_PREFIX_PATH}:/home/pl/ros2_ws1/install/sdk_topic:/home/pl/ros2_ws1/install/sdk_launch:/opt/ros/humble /usr/bin/cmake --build /home/pl/ros2_ws1/build/sdk_topic_cpp -- -j20 -l20
[0.184s] [35m[1mConsolidate compiler generated dependencies of target se[0m
[0.197s] [ 50%] [32mBuilding CXX object CMakeFiles/se.dir/src/se.cpp.o[0m
[1.602s] [01m[K/home/pl/ros2_ws1/src/haik/sdk_topic_cpp/src/se.cpp:[m[K In destructor â€˜[01m[Kvirtual HikUsbBgr8Pub::~HikUsbBgr8Pub()[m[Kâ€™:
[1.602s] [01m[K/home/pl/ros2_ws1/src/haik/sdk_topic_cpp/src/se.cpp:41:5:[m[K [01;31m[Kerror: [m[Kâ€˜[01m[KstopGrab[m[Kâ€™ was not declared in this scope
[1.602s]    41 |     [01;31m[KstopGrab[m[K();
[1.603s]       |     [01;31m[K^~~~~~~~[m[K
[1.608s] [01m[K/home/pl/ros2_ws1/src/haik/sdk_topic_cpp/src/se.cpp:[m[K In member function â€˜[01m[Kbool HikUsbBgr8Pub::openBySnOrIp(const string&, const string&)[m[Kâ€™:
[1.608s] [01m[K/home/pl/ros2_ws1/src/haik/sdk_topic_cpp/src/se.cpp:71:23:[m[K [01;31m[Kerror: [m[Kâ€˜[01m[KGetSerial[m[Kâ€™ was not declared in this scope; did you mean â€˜[01m[Kserial[m[Kâ€™?
[1.608s]    71 |       const auto sn = [01;31m[KGetSerial[m[K(info);
[1.608s]       |                       [01;31m[K^~~~~~~~~[m[K
[1.608s]       |                       [32m[Kserial[m[K
[1.612s] [01m[K/home/pl/ros2_ws1/src/haik/sdk_topic_cpp/src/se.cpp:72:26:[m[K [01;31m[Kerror: [m[Kâ€˜[01m[KGetGigEIp[m[Kâ€™ was not declared in this scope
[1.612s]    72 |       const auto ipstr = [01;31m[KGetGigEIp[m[K(info);
[1.612s]       |                          [01;31m[K^~~~~~~~~[m[K
[1.613s] [01m[K/home/pl/ros2_ws1/src/haik/sdk_topic_cpp/src/se.cpp:[m[K In member function â€˜[01m[Kvoid HikUsbBgr8Pub::getCurrentFPS()[m[Kâ€™:
[1.613s] [01m[K/home/pl/ros2_ws1/src/haik/sdk_topic_cpp/src/se.cpp:99:68:[m[K [01;31m[Kerror: [m[Kcannot convert â€˜[01m[Kfloat*[m[Kâ€™ to â€˜[01m[KMVCC_FLOATVALUE*[m[Kâ€™ {aka â€˜[01m[K_MVCC_FLOATVALUE_T*[m[Kâ€™}
[1.613s]    99 |     int ret = MV_CC_GetFloatValue(handle_, "AcquisitionFrameRate", [01;31m[K&current_fps[m[K);
[1.613s]       |                                                                    [01;31m[K^~~~~~~~~~~~[m[K
[1.613s]       |                                                                    [01;31m[K|[m[K
[1.613s]       |                                                                    [01;31m[Kfloat*[m[K
[1.613s] In file included from [01m[K/home/pl/ros2_ws1/src/haik/sdk_topic_cpp/src/se.cpp:11[m[K:
[1.613s] [01m[K/opt/MVS/include/MvCameraControl.h:1091:112:[m[K [01;36m[Knote: [m[K  initializing argument 3 of â€˜[01m[Kint MV_CC_GetFloatValue(void*, const char*, MVCC_FLOATVALUE*)[m[Kâ€™
[1.613s]  1091 | all MV_CC_GetFloatValue(IN void* handle,IN const char* strKey,IN OUT [01;36m[KMVCC_FLOATVALUE *pstFloatValue[m[K);
[1.613s]       |                                                                      [01;36m[K~~~~~~~~~~~~~~~~~^~~~~~~~~~~~~[m[K
[1.613s] 
[1.905s] gmake[2]: *** [CMakeFiles/se.dir/build.make:76ï¼šCMakeFiles/se.dir/src/se.cpp.o] é”™è¯¯ 1
[1.905s] gmake[1]: *** [CMakeFiles/Makefile2:137ï¼šCMakeFiles/se.dir/all] é”™è¯¯ 2
[1.906s] gmake: *** [Makefile:146ï¼šall] é”™è¯¯ 2
[1.907s] Invoked command in '/home/pl/ros2_ws1/build/sdk_topic_cpp' returned '2': CMAKE_PREFIX_PATH=${CMAKE_PREFIX_PATH}:/home/pl/ros2_ws1/install/sdk_topic:/home/pl/ros2_ws1/install/sdk_launch:/opt/ros/humble /usr/bin/cmake --build /home/pl/ros2_ws1/build/sdk_topic_cpp -- -j20 -l20
