[01m[K/home/pl/ros2_ws1/src/haik/sdk_topic_cpp/src/se.cpp:[m[K In member function ‘[01m[Kvoid HikUsbBgr8Pub::grabLoop()[m[K’:
[01m[K/home/pl/ros2_ws1/src/haik/sdk_topic_cpp/src/se.cpp:344:22:[m[K [01;31m[Kerror: [m[K‘[01m[KFloat32[m[K’ is not a member of ‘[01m[Kstd_msgs::msg[m[K’
  344 |       std_msgs::msg::[01;31m[KFloat32[m[K fps_msg;
      |                      [01;31m[K^~~~~~~[m[K
[01m[K/home/pl/ros2_ws1/src/haik/sdk_topic_cpp/src/se.cpp:345:7:[m[K [01;31m[Kerror: [m[K‘[01m[Kfps_msg[m[K’ was not declared in this scope
  345 |       [01;31m[Kfps_msg[m[K.data = getCameraFps();  // 获取相机的帧率
      |       [01;31m[K^~~~~~~[m[K
[01m[K/home/pl/ros2_ws1/src/haik/sdk_topic_cpp/src/se.cpp:346:7:[m[K [01;31m[Kerror: [m[K‘[01m[Kfps_pub_[m[K’ was not declared in this scope
  346 |       [01;31m[Kfps_pub_[m[K->publish(fps_msg);
      |       [01;31m[K^~~~~~~~[m[K
[01m[K/home/pl/ros2_ws1/src/haik/sdk_topic_cpp/src/se.cpp:[m[K In member function ‘[01m[Kdouble HikUsbBgr8Pub::getCameraFps()[m[K’:
[01m[K/home/pl/ros2_ws1/src/haik/sdk_topic_cpp/src/se.cpp:356:35:[m[K [01;31m[Kerror: [m[Kcannot convert ‘[01m[Kfloat*[m[K’ to ‘[01m[KMVCC_FLOATVALUE*[m[K’ {aka ‘[01m[K_MVCC_FLOATVALUE_T*[m[K’}
  356 |       MV_CC_GetFrameRate(handle_, [01;31m[K&fps[m[K);
      |                                   [01;31m[K^~~~[m[K
      |                                   [01;31m[K|[m[K
      |                                   [01;31m[Kfloat*[m[K
In file included from [01m[K/opt/MVS/include/MvCameraControl.h:7[m[K,
                 from [01m[K/home/pl/ros2_ws1/src/haik/sdk_topic_cpp/src/se.cpp:19[m[K:
[01m[K/opt/MVS/include/MvObsoleteInterfaces.h:821:90:[m[K [01;36m[Knote: [m[K  initializing argument 2 of ‘[01m[Kint MV_CC_GetFrameRate(void*, MVCC_FLOATVALUE*)[m[K’
  821 | _CAMCTRL_API int __stdcall MV_CC_GetFrameRate(IN void* handle, IN OUT [01;36m[KMVCC_FLOATVALUE* pstValue[m[K);
      |                                                                       [01;36m[K~~~~~~~~~~~~~~~~~^~~~~~~~[m[K

gmake[2]: *** [CMakeFiles/se.dir/build.make:76：CMakeFiles/se.dir/src/se.cpp.o] 错误 1
gmake[1]: *** [CMakeFiles/Makefile2:137：CMakeFiles/se.dir/all] 错误 2
gmake: *** [Makefile:146：all] 错误 2
