[35m[1mConsolidate compiler generated dependencies of target se[0m
[ 50%] [32mBuilding CXX object CMakeFiles/se.dir/src/se.cpp.o[0m
[01m[K/home/pl/ros2_ws1/src/haik/sdk_topic_cpp/src/se.cpp:[m[K In constructor â€˜[01m[KHikUsbBgr8Pub::HikUsbBgr8Pub()[m[Kâ€™:
[01m[K/home/pl/ros2_ws1/src/haik/sdk_topic_cpp/src/se.cpp:130:5:[m[K [01;31m[Kerror: [m[Kâ€˜[01m[Kframe_rate_timer_[m[Kâ€™ was not declared in this scope
  130 |     [01;31m[Kframe_rate_timer_[m[K = create_wall_timer(
      |     [01;31m[K^~~~~~~~~~~~~~~~~[m[K
[01m[K/home/pl/ros2_ws1/src/haik/sdk_topic_cpp/src/se.cpp:131:58:[m[K [01;31m[Kerror: [m[Kâ€˜[01m[KprintFrameRate[m[Kâ€™ is not a member of â€˜[01m[KHikUsbBgr8Pub[m[Kâ€™
  131 |       std::chrono::seconds(1), std::bind(&HikUsbBgr8Pub::[01;31m[KprintFrameRate[m[K, this));
      |                                                          [01;31m[K^~~~~~~~~~~~~~[m[K
[01m[K/home/pl/ros2_ws1/src/haik/sdk_topic_cpp/src/se.cpp:[m[K In member function â€˜[01m[Kbool HikUsbBgr8Pub::openBySnOrIp(const string&, const string&)[m[Kâ€™:
[01m[K/home/pl/ros2_ws1/src/haik/sdk_topic_cpp/src/se.cpp:193:25:[m[K [01;31m[Kerror: [m[Ka function-definition is not allowed here before â€˜[01m[K{[m[Kâ€™ token
  193 |   void printFrameRate() [01;31m[K{[m[K
      |                         [01;31m[K^[m[K
gmake[2]: *** [CMakeFiles/se.dir/build.make:76ï¼šCMakeFiles/se.dir/src/se.cpp.o] é”™è¯¯ 1
gmake[1]: *** [CMakeFiles/Makefile2:137ï¼šCMakeFiles/se.dir/all] é”™è¯¯ 2
gmake: *** [Makefile:146ï¼šall] é”™è¯¯ 2
