[0.153s] Invoking command in '/home/pl/ros2_ws1/build/sdk_topic_cpp': CMAKE_PREFIX_PATH=${CMAKE_PREFIX_PATH}:/home/pl/ros2_ws1/install/sdk_topic:/home/pl/ros2_ws1/install/sdk_launch:/opt/ros/humble /usr/bin/cmake --build /home/pl/ros2_ws1/build/sdk_topic_cpp -- -j20 -l20
[0.184s] [35m[1mConsolidate compiler generated dependencies of target se[0m
[0.199s] [ 50%] [32mBuilding CXX object CMakeFiles/se.dir/src/se.cpp.o[0m
[1.757s] [01m[K/home/pl/ros2_ws1/src/haik/sdk_topic_cpp/src/se.cpp:[m[K In member function â€˜[01m[Kbool HikUsbBgr8Pub::openBySnOrIp(const string&, const string&)[m[Kâ€™:
[1.757s] [01m[K/home/pl/ros2_ws1/src/haik/sdk_topic_cpp/src/se.cpp:186:35:[m[K [01;35m[Kwarning: [m[Kmissing initializer for member â€˜[01m[K_MVCC_FLOATVALUE_T::fMax[m[Kâ€™ [[01;35m[K]8;;https://gcc.gnu.org/onlinedocs/gcc/Warning-Options.html#index-Wmissing-field-initializers-Wmissing-field-initializers]8;;[m[K]
[1.757s]   186 |     MVCC_FLOATVALUE frameRate = {0[01;35m[K}[m[K; // ä½¿ç”¨ MVCC_FLOATVALUE ç±»åž‹
[1.757s]       |                                   [01;35m[K^[m[K
[1.757s] [01m[K/home/pl/ros2_ws1/src/haik/sdk_topic_cpp/src/se.cpp:186:35:[m[K [01;35m[Kwarning: [m[Kmissing initializer for member â€˜[01m[K_MVCC_FLOATVALUE_T::fMin[m[Kâ€™ [[01;35m[K]8;;https://gcc.gnu.org/onlinedocs/gcc/Warning-Options.html#index-Wmissing-field-initializers-Wmissing-field-initializers]8;;[m[K]
[1.757s] [01m[K/home/pl/ros2_ws1/src/haik/sdk_topic_cpp/src/se.cpp:186:35:[m[K [01;35m[Kwarning: [m[Kmissing initializer for member â€˜[01m[K_MVCC_FLOATVALUE_T::nReserved[m[Kâ€™ [[01;35m[K]8;;https://gcc.gnu.org/onlinedocs/gcc/Warning-Options.html#index-Wmissing-field-initializers-Wmissing-field-initializers]8;;[m[K]
[1.757s] [01m[K/home/pl/ros2_ws1/src/haik/sdk_topic_cpp/src/se.cpp:190:60:[m[K [01;31m[Kerror: [m[Kâ€˜[01m[KMVCC_FLOATVALUE[m[Kâ€™ {aka â€˜[01m[Kstruct _MVCC_FLOATVALUE_T[m[Kâ€™} has no member named â€˜[01m[KfVal[m[Kâ€™
[1.757s]   190 |         printf("Current frame rate: %.2f fps\n", frameRate.[01;31m[KfVal[m[K);
[1.757s]       |                                                            [01;31m[K^~~~[m[K
[2.282s] gmake[2]: *** [CMakeFiles/se.dir/build.make:76ï¼šCMakeFiles/se.dir/src/se.cpp.o] é”™è¯¯ 1
[2.283s] gmake[1]: *** [CMakeFiles/Makefile2:137ï¼šCMakeFiles/se.dir/all] é”™è¯¯ 2
[2.283s] gmake: *** [Makefile:146ï¼šall] é”™è¯¯ 2
[2.284s] Invoked command in '/home/pl/ros2_ws1/build/sdk_topic_cpp' returned '2': CMAKE_PREFIX_PATH=${CMAKE_PREFIX_PATH}:/home/pl/ros2_ws1/install/sdk_topic:/home/pl/ros2_ws1/install/sdk_launch:/opt/ros/humble /usr/bin/cmake --build /home/pl/ros2_ws1/build/sdk_topic_cpp -- -j20 -l20
