[0.171s] Invoking command in '/home/pl/ros2_ws1/build/sdk_topic_cpp': CMAKE_PREFIX_PATH=${CMAKE_PREFIX_PATH}:/home/pl/ros2_ws1/install/sdk_topic:/home/pl/ros2_ws1/install/sdk_launch:/opt/ros/humble /usr/bin/cmake --build /home/pl/ros2_ws1/build/sdk_topic_cpp -- -j20 -l20
[0.205s] [35m[1mConsolidate compiler generated dependencies of target se[0m
[0.222s] [ 50%] [32mBuilding CXX object CMakeFiles/se.dir/src/se.cpp.o[0m
[0.358s] [01m[K/home/pl/ros2_ws1/src/haik/sdk_topic_cpp/src/se.cpp:258:33:[m[K [01;35m[Kwarning: [m[Kmissing terminating " character
[0.358s]   258 |       RCLCPP_WARN(get_logger(), [01;35m[K"[m[KGet frame rate failed! Error code:
[0.358s]       |                                 [01;35m[K^[m[K
[0.358s] [01m[K/home/pl/ros2_ws1/src/haik/sdk_topic_cpp/src/se.cpp:469:1:[m[K [01;31m[Kerror: [m[Kunterminated argument list invoking macro "RCLCPP_WARN"
[0.358s]   469 | 
[0.358s]       | [01;31m[K^[m[K
[1.830s] [01m[K/home/pl/ros2_ws1/src/haik/sdk_topic_cpp/src/se.cpp:258:18:[m[K [01;31m[Kerror: [m[Kexpected ‚Äò[01m[K}[m[K‚Äô at end of input
[1.830s]   258 |       RCLCPP_WARN[01;31m[K([m[Kget_logger(), "Get frame rate failed! Error code:
[1.830s]       |                  [01;31m[K^[m[K
[1.830s] [01m[K/home/pl/ros2_ws1/src/haik/sdk_topic_cpp/src/se.cpp:82:43:[m[K [01;36m[Knote: [m[Kto match this ‚Äò[01m[K{[m[K‚Äô
[1.830s]    82 | class HikUsbBgr8Pub : public rclcpp::Node [01;36m[K{[m[K
[1.830s]       |                                           [01;36m[K^[m[K
[1.835s] [01m[K/home/pl/ros2_ws1/src/haik/sdk_topic_cpp/src/se.cpp:[m[K In constructor ‚Äò[01m[KHikUsbBgr8Pub::HikUsbBgr8Pub()[m[K‚Äô:
[1.835s] [01m[K/home/pl/ros2_ws1/src/haik/sdk_topic_cpp/src/se.cpp:88:5:[m[K [01;31m[Kerror: [m[K‚Äò[01m[Kserial_[m[K‚Äô was not declared in this scope
[1.835s]    88 |     [01;31m[Kserial_[m[K         = declare_parameter<std::string>("serial_number", "00E89503815");
[1.835s]       |     [01;31m[K^~~~~~~[m[K
[1.839s] [01m[K/home/pl/ros2_ws1/src/haik/sdk_topic_cpp/src/se.cpp:89:5:[m[K [01;31m[Kerror: [m[K‚Äò[01m[Kip_[m[K‚Äô was not declared in this scope
[1.839s]    89 |     [01;31m[Kip_[m[K             = declare_parameter<std::string>("ip_address", "");
[1.839s]       |     [01;31m[K^~~[m[K
[1.844s] [01m[K/home/pl/ros2_ws1/src/haik/sdk_topic_cpp/src/se.cpp:90:5:[m[K [01;31m[Kerror: [m[K‚Äò[01m[Kframe_id_[m[K‚Äô was not declared in this scope
[1.844s]    90 |     [01;31m[Kframe_id_[m[K       = declare_parameter<std::string>("frame_id", "camera_frame");
[1.844s]       |     [01;31m[K^~~~~~~~~[m[K
[1.850s] [01m[K/home/pl/ros2_ws1/src/haik/sdk_topic_cpp/src/se.cpp:91:5:[m[K [01;31m[Kerror: [m[K‚Äò[01m[Kimage_topic_[m[K‚Äô was not declared in this scope
[1.850s]    91 |     [01;31m[Kimage_topic_[m[K    = declare_parameter<std::string>("image_topic", "image_raw");
[1.850s]       |     [01;31m[K^~~~~~~~~~~~[m[K
[1.856s] [01m[K/home/pl/ros2_ws1/src/haik/sdk_topic_cpp/src/se.cpp:92:5:[m[K [01;31m[Kerror: [m[K‚Äò[01m[Kqos_reliable_[m[K‚Äô was not declared in this scope
[1.856s]    92 |     [01;31m[Kqos_reliable_[m[K   = declare_parameter<bool>("qos_reliable", false); // false=BestEffort(Êé®Ëçê)Ôºåtrue=Reliable
[1.856s]       |     [01;31m[K^~~~~~~~~~~~~[m[K
[1.863s] [01m[K/home/pl/ros2_ws1/src/haik/sdk_topic_cpp/src/se.cpp:93:5:[m[K [01;31m[Kerror: [m[K‚Äò[01m[Kreconnect_ms_[m[K‚Äô was not declared in this scope
[1.863s]    93 |     [01;31m[Kreconnect_ms_[m[K   = declare_parameter<int>("reconnect_interval_ms", 1000);
[1.863s]       |     [01;31m[K^~~~~~~~~~~~~[m[K
[1.871s] [01m[K/home/pl/ros2_ws1/src/haik/sdk_topic_cpp/src/se.cpp:96:5:[m[K [01;31m[Kerror: [m[K‚Äò[01m[Kexposure_auto_[m[K‚Äô was not declared in this scope
[1.871s]    96 |     [01;31m[Kexposure_auto_[m[K  = declare_parameter<int>("exposure_auto", 0);      // 0=Off,1=Once,2=Continuous
[1.871s]       |     [01;31m[K^~~~~~~~~~~~~~[m[K
[1.878s] [01m[K/home/pl/ros2_ws1/src/haik/sdk_topic_cpp/src/se.cpp:97:5:[m[K [01;31m[Kerror: [m[K‚Äò[01m[Kexposure_time_[m[K‚Äô was not declared in this scope
[1.878s]    97 |     [01;31m[Kexposure_time_[m[K  = declare_parameter<double>("exposure_time", 5000.0); // ÂæÆÁßí
[1.878s]       |     [01;31m[K^~~~~~~~~~~~~~[m[K
[1.885s] [01m[K/home/pl/ros2_ws1/src/haik/sdk_topic_cpp/src/se.cpp:98:5:[m[K [01;31m[Kerror: [m[K‚Äò[01m[Kgain_auto_[m[K‚Äô was not declared in this scope
[1.885s]    98 |     [01;31m[Kgain_auto_[m[K      = declare_parameter<int>("gain_auto", 0);          // 0=Off,1=Once,2=Continuous
[1.885s]       |     [01;31m[K^~~~~~~~~~[m[K
[1.889s] [01m[K/home/pl/ros2_ws1/src/haik/sdk_topic_cpp/src/se.cpp:99:5:[m[K [01;31m[Kerror: [m[K‚Äò[01m[Kgain_[m[K‚Äô was not declared in this scope
[1.889s]    99 |     [01;31m[Kgain_[m[K           = declare_parameter<double>("gain", 6.0);
[1.889s]       |     [01;31m[K^~~~~[m[K
[1.894s] [01m[K/home/pl/ros2_ws1/src/haik/sdk_topic_cpp/src/se.cpp:100:5:[m[K [01;31m[Kerror: [m[K‚Äò[01m[Kacq_fps_[m[K‚Äô was not declared in this scope
[1.894s]   100 |     [01;31m[Kacq_fps_[m[K        = declare_parameter<double>("acquisition_fps", 180.0);
[1.894s]       |     [01;31m[K^~~~~~~~[m[K
[1.900s] [01m[K/home/pl/ros2_ws1/src/haik/sdk_topic_cpp/src/se.cpp:101:5:[m[K [01;31m[Kerror: [m[K‚Äò[01m[Kpixel_format_[m[K‚Äô was not declared in this scope
[1.900s]   101 |     [01;31m[Kpixel_format_[m[K   = declare_parameter<std::string>("pixel_format", "BGR8");
[1.900s]       |     [01;31m[K^~~~~~~~~~~~~[m[K
[1.909s] [01m[K/home/pl/ros2_ws1/src/haik/sdk_topic_cpp/src/se.cpp:111:7:[m[K [01;31m[Kerror: [m[K‚Äò[01m[Kcamera_pixel_enum_[m[K‚Äô was not declared in this scope
[1.909s]   111 |       [01;31m[Kcamera_pixel_enum_[m[K = m.camera_enum;
[1.909s]       |       [01;31m[K^~~~~~~~~~~~~~~~~~[m[K
[1.917s] [01m[K/home/pl/ros2_ws1/src/haik/sdk_topic_cpp/src/se.cpp:112:7:[m[K [01;31m[Kerror: [m[K‚Äò[01m[Kdst_pixel_type_[m[K‚Äô was not declared in this scope
[1.917s]   112 |       [01;31m[Kdst_pixel_type_[m[K    = m.dst_pixel_type;
[1.917s]       |       [01;31m[K^~~~~~~~~~~~~~~[m[K
[1.926s] [01m[K/home/pl/ros2_ws1/src/haik/sdk_topic_cpp/src/se.cpp:113:7:[m[K [01;31m[Kerror: [m[K‚Äò[01m[Kpublish_encoding_[m[K‚Äô was not declared in this scope
[1.926s]   113 |       [01;31m[Kpublish_encoding_[m[K  = m.publish_encoding;
[1.926s]       |       [01;31m[K^~~~~~~~~~~~~~~~~[m[K
[1.930s] [01m[K/home/pl/ros2_ws1/src/haik/sdk_topic_cpp/src/se.cpp:120:7:[m[K [01;31m[Kerror: [m[K‚Äò[01m[Kpub_[m[K‚Äô was not declared in this scope
[1.930s]   120 |       [01;31m[Kpub_[m[K = create_publisher<sensor_msgs::msg::Image>(image_topic_, qos);
[1.930s]       |       [01;31m[K^~~~[m[K
[1.938s] [01m[K/home/pl/ros2_ws1/src/haik/sdk_topic_cpp/src/se.cpp:124:5:[m[K [01;31m[Kerror: [m[K‚Äò[01m[Kparam_cb_handle_[m[K‚Äô was not declared in this scope
[1.938s]   124 |     [01;31m[Kparam_cb_handle_[m[K = this->add_on_set_parameters_callback(
[1.938s]       |     [01;31m[K^~~~~~~~~~~~~~~~[m[K
[1.939s] [01m[K/home/pl/ros2_ws1/src/haik/sdk_topic_cpp/src/se.cpp:125:33:[m[K [01;31m[Kerror: [m[K‚Äò[01m[KonParamSet[m[K‚Äô is not a member of ‚Äò[01m[KHikUsbBgr8Pub[m[K‚Äô
[1.939s]   125 |       std::bind(&HikUsbBgr8Pub::[01;31m[KonParamSet[m[K, this, std::placeholders::_1));
[1.939s]       |                                 [01;31m[K^~~~~~~~~~[m[K
[1.946s] [01m[K/home/pl/ros2_ws1/src/haik/sdk_topic_cpp/src/se.cpp:131:5:[m[K [01;31m[Kerror: [m[K‚Äò[01m[Kframe_rate_timer_[m[K‚Äô was not declared in this scope
[1.946s]   131 |     [01;31m[Kframe_rate_timer_[m[K = create_wall_timer(
[1.946s]       |     [01;31m[K^~~~~~~~~~~~~~~~~[m[K
[1.956s] [01m[K/home/pl/ros2_ws1/src/haik/sdk_topic_cpp/src/se.cpp:134:5:[m[K [01;31m[Kerror: [m[K‚Äò[01m[Ktimer_[m[K‚Äô was not declared in this scope; did you mean ‚Äò[01m[Ktimer_t[m[K‚Äô?
[1.956s]   134 |     [01;31m[Ktimer_[m[K = create_wall_timer(  // Âë®ÊúüËá™Ê£Ä/ÈáçËøû
[1.956s]       |     [01;31m[K^~~~~~[m[K
[1.956s]       |     [32m[Ktimer_t[m[K
[1.961s] [01m[K/home/pl/ros2_ws1/src/haik/sdk_topic_cpp/src/se.cpp:[m[K In destructor ‚Äò[01m[Kvirtual HikUsbBgr8Pub::~HikUsbBgr8Pub()[m[K‚Äô:
[1.961s] [01m[K/home/pl/ros2_ws1/src/haik/sdk_topic_cpp/src/se.cpp:140:5:[m[K [01;31m[Kerror: [m[K‚Äò[01m[KstopGrab[m[K‚Äô was not declared in this scope
[1.961s]   140 |     [01;31m[KstopGrab[m[K();
[1.961s]       |     [01;31m[K^~~~~~~~[m[K
[1.965s] [01m[K/home/pl/ros2_ws1/src/haik/sdk_topic_cpp/src/se.cpp:[m[K In member function ‚Äò[01m[Kvoid HikUsbBgr8Pub::ensureConnected()[m[K‚Äô:
[1.965s] [01m[K/home/pl/ros2_ws1/src/haik/sdk_topic_cpp/src/se.cpp:148:36:[m[K [01;31m[Kerror: [m[K‚Äò[01m[Kmtx_[m[K‚Äô was not declared in this scope
[1.965s]   148 |     std::lock_guard<std::mutex> lk([01;31m[Kmtx_[m[K);
[1.965s]       |                                    [01;31m[K^~~~[m[K
[1.970s] [01m[K/home/pl/ros2_ws1/src/haik/sdk_topic_cpp/src/se.cpp:149:9:[m[K [01;31m[Kerror: [m[K‚Äò[01m[Kconnected_[m[K‚Äô was not declared in this scope
[1.970s]   149 |     if ([01;31m[Kconnected_[m[K) return;
[1.970s]       |         [01;31m[K^~~~~~~~~~[m[K
[1.974s] [01m[K/home/pl/ros2_ws1/src/haik/sdk_topic_cpp/src/se.cpp:152:22:[m[K [01;31m[Kerror: [m[K‚Äò[01m[Kserial_[m[K‚Äô was not declared in this scope
[1.974s]   152 |     if (openBySnOrIp([01;31m[Kserial_[m[K, ip_)) {
[1.974s]       |                      [01;31m[K^~~~~~~[m[K
[1.977s] [01m[K/home/pl/ros2_ws1/src/haik/sdk_topic_cpp/src/se.cpp:152:31:[m[K [01;31m[Kerror: [m[K‚Äò[01m[Kip_[m[K‚Äô was not declared in this scope
[1.977s]   152 |     if (openBySnOrIp(serial_, [01;31m[Kip_[m[K)) {
[1.977s]       |                               [01;31m[K^~~[m[K
[1.982s] [01m[K/home/pl/ros2_ws1/src/haik/sdk_topic_cpp/src/se.cpp:153:7:[m[K [01;31m[Kerror: [m[K‚Äò[01m[Kconnected_[m[K‚Äô was not declared in this scope
[1.982s]   153 |       [01;31m[Kconnected_[m[K = true;
[1.982s]       |       [01;31m[K^~~~~~~~~~[m[K
[1.987s] [01m[K/home/pl/ros2_ws1/src/haik/sdk_topic_cpp/src/se.cpp:154:7:[m[K [01;31m[Kerror: [m[K‚Äò[01m[KstartGrab[m[K‚Äô was not declared in this scope
[1.987s]   154 |       [01;31m[KstartGrab[m[K();
[1.987s]       |       [01;31m[K^~~~~~~~~[m[K
[1.992s] [01m[K/home/pl/ros2_ws1/src/haik/sdk_topic_cpp/src/se.cpp:[m[K In member function ‚Äò[01m[Kbool HikUsbBgr8Pub::openBySnOrIp(const string&, const string&)[m[K‚Äô:
[1.992s] [01m[K/home/pl/ros2_ws1/src/haik/sdk_topic_cpp/src/se.cpp:179:31:[m[K [01;31m[Kerror: [m[K‚Äò[01m[Khandle_[m[K‚Äô was not declared in this scope
[1.992s]   179 |     ret = MV_CC_CreateHandle(&[01;31m[Khandle_[m[K, list.pDeviceInfo[idx]);
[1.992s]       |                               [01;31m[K^~~~~~~[m[K
[1.998s] [01m[K/home/pl/ros2_ws1/src/haik/sdk_topic_cpp/src/se.cpp:198:58:[m[K [01;31m[Kerror: [m[K‚Äò[01m[Kacq_fps_[m[K‚Äô was not declared in this scope
[1.998s]   198 |     MV_CC_SetFloatValue(handle_, "AcquisitionFrameRate", [01;31m[Kacq_fps_[m[K);
[1.998s]       |                                                          [01;31m[K^~~~~~~~[m[K
[2.005s] [01m[K/home/pl/ros2_ws1/src/haik/sdk_topic_cpp/src/se.cpp:201:49:[m[K [01;31m[Kerror: [m[K‚Äò[01m[Kexposure_auto_[m[K‚Äô was not declared in this scope
[2.005s]   201 |     MV_CC_SetEnumValue(handle_, "ExposureAuto", [01;31m[Kexposure_auto_[m[K);
[2.005s]       |                                                 [01;31m[K^~~~~~~~~~~~~~[m[K
[2.011s] [01m[K/home/pl/ros2_ws1/src/haik/sdk_topic_cpp/src/se.cpp:202:75:[m[K [01;31m[Kerror: [m[K‚Äò[01m[Kexposure_time_[m[K‚Äô was not declared in this scope
[2.011s]   202 |     if (exposure_auto_ == 0) MV_CC_SetFloatValue(handle_, "ExposureTime", [01;31m[Kexposure_time_[m[K);
[2.011s]       |                                                                           [01;31m[K^~~~~~~~~~~~~~[m[K
[2.017s] [01m[K/home/pl/ros2_ws1/src/haik/sdk_topic_cpp/src/se.cpp:203:45:[m[K [01;31m[Kerror: [m[K‚Äò[01m[Kgain_auto_[m[K‚Äô was not declared in this scope
[2.017s]   203 |     MV_CC_SetEnumValue(handle_, "GainAuto", [01;31m[Kgain_auto_[m[K);
[2.017s]       |                                             [01;31m[K^~~~~~~~~~[m[K
[2.021s] [01m[K/home/pl/ros2_ws1/src/haik/sdk_topic_cpp/src/se.cpp:204:63:[m[K [01;31m[Kerror: [m[K‚Äò[01m[Kgain_[m[K‚Äô was not declared in this scope
[2.021s]   204 |     if (gain_auto_ == 0) MV_CC_SetFloatValue(handle_, "Gain", [01;31m[Kgain_[m[K);
[2.021s]       |                                                               [01;31m[K^~~~~[m[K
[2.029s] [01m[K/home/pl/ros2_ws1/src/haik/sdk_topic_cpp/src/se.cpp:207:9:[m[K [01;31m[Kerror: [m[K‚Äò[01m[Kcamera_pixel_enum_[m[K‚Äô was not declared in this scope
[2.029s]   207 |     if ([01;31m[Kcamera_pixel_enum_[m[K != 0) {
[2.029s]       |         [01;31m[K^~~~~~~~~~~~~~~~~~[m[K
[2.034s] [01m[K/home/pl/ros2_ws1/src/haik/sdk_topic_cpp/src/se.cpp:[m[K In member function ‚Äò[01m[Kvoid HikUsbBgr8Pub::closeDevice()[m[K‚Äô:
[2.034s] [01m[K/home/pl/ros2_ws1/src/haik/sdk_topic_cpp/src/se.cpp:227:36:[m[K [01;31m[Kerror: [m[K‚Äò[01m[Kmtx_[m[K‚Äô was not declared in this scope
[2.034s]   227 |     std::lock_guard<std::mutex> lk([01;31m[Kmtx_[m[K);
[2.034s]       |                                    [01;31m[K^~~~[m[K
[2.038s] [01m[K/home/pl/ros2_ws1/src/haik/sdk_topic_cpp/src/se.cpp:[m[K In member function ‚Äò[01m[Kvoid HikUsbBgr8Pub::closeDeviceNoLock()[m[K‚Äô:
[2.038s] [01m[K/home/pl/ros2_ws1/src/haik/sdk_topic_cpp/src/se.cpp:231:9:[m[K [01;31m[Kerror: [m[K‚Äò[01m[Khandle_[m[K‚Äô was not declared in this scope
[2.038s]   231 |     if ([01;31m[Khandle_[m[K) {
[2.038s]       |         [01;31m[K^~~~~~~[m[K
[2.043s] [01m[K/home/pl/ros2_ws1/src/haik/sdk_topic_cpp/src/se.cpp:237:5:[m[K [01;31m[Kerror: [m[K‚Äò[01m[Kconnected_[m[K‚Äô was not declared in this scope
[2.043s]   237 |     [01;31m[Kconnected_[m[K = false;
[2.043s]       |     [01;31m[K^~~~~~~~~~[m[K
[2.043s] [01m[K/home/pl/ros2_ws1/src/haik/sdk_topic_cpp/src/se.cpp:[m[K In static member function ‚Äò[01m[Kstatic void HikUsbBgr8Pub::OnException(unsigned int, void*)[m[K‚Äô:
[2.043s] [01m[K/home/pl/ros2_ws1/src/haik/sdk_topic_cpp/src/se.cpp:244:11:[m[K [01;31m[Kerror: [m[K‚Äò[01m[Kclass HikUsbBgr8Pub[m[K‚Äô has no member named ‚Äò[01m[Kconnected_[m[K‚Äô
[2.043s]   244 |     self->[01;31m[Kconnected_[m[K = false;
[2.043s]       |           [01;31m[K^~~~~~~~~~[m[K
[2.043s] [01m[K/home/pl/ros2_ws1/src/haik/sdk_topic_cpp/src/se.cpp:245:11:[m[K [01;31m[Kerror: [m[K‚Äò[01m[Kclass HikUsbBgr8Pub[m[K‚Äô has no member named ‚Äò[01m[KstopGrab[m[K‚Äô
[2.043s]   245 |     self->[01;31m[KstopGrab[m[K();
[2.044s]       |           [01;31m[K^~~~~~~~[m[K
[2.048s] [01m[K/home/pl/ros2_ws1/src/haik/sdk_topic_cpp/src/se.cpp:[m[K In member function ‚Äò[01m[Kvoid HikUsbBgr8Pub::printFrameRate()[m[K‚Äô:
[2.048s] [01m[K/home/pl/ros2_ws1/src/haik/sdk_topic_cpp/src/se.cpp:251:10:[m[K [01;31m[Kerror: [m[K‚Äò[01m[Khandle_[m[K‚Äô was not declared in this scope
[2.048s]   251 |     if (![01;31m[Khandle_[m[K) return;
[2.048s]       |          [01;31m[K^~~~~~~[m[K
[2.052s] [01m[K/home/pl/ros2_ws1/src/haik/sdk_topic_cpp/src/se.cpp:254:34:[m[K [01;31m[Kerror: [m[K‚Äò[01m[Khandle_[m[K‚Äô was not declared in this scope
[2.052s]   254 |     int ret = MV_CC_GetFrameRate([01;31m[Khandle_[m[K, &frameRate);
[2.052s]       |                                  [01;31m[K^~~~~~~[m[K
[2.057s] [01m[K/home/pl/ros2_ws1/src/haik/sdk_topic_cpp/src/se.cpp:258:7:[m[K [01;31m[Kerror: [m[K‚Äò[01m[KRCLCPP_WARN[m[K‚Äô was not declared in this scope
[2.057s]   258 |       [01;31m[KRCLCPP_WARN[m[K(get_logger(), "Get frame rate failed! Error code:
[2.057s]       |       [01;31m[K^~~~~~~~~~~[m[K
[2.058s] [01m[K/home/pl/ros2_ws1/src/haik/sdk_topic_cpp/src/se.cpp:258:18:[m[K [01;31m[Kerror: [m[Kexpected ‚Äò[01m[K}[m[K‚Äô at end of input
[2.058s]   258 |       RCLCPP_WARN[01;31m[K([m[Kget_logger(), "Get frame rate failed! Error code:
[2.058s]       |                  [01;31m[K^[m[K
[2.058s] [01m[K/home/pl/ros2_ws1/src/haik/sdk_topic_cpp/src/se.cpp:257:12:[m[K [01;36m[Knote: [m[Kto match this ‚Äò[01m[K{[m[K‚Äô
[2.058s]   257 |     } else [01;36m[K{[m[K
[2.058s]       |            [01;36m[K^[m[K
[2.058s] [01m[K/home/pl/ros2_ws1/src/haik/sdk_topic_cpp/src/se.cpp:258:18:[m[K [01;31m[Kerror: [m[Kexpected ‚Äò[01m[K}[m[K‚Äô at end of input
[2.058s]   258 |       RCLCPP_WARN[01;31m[K([m[Kget_logger(), "Get frame rate failed! Error code:
[2.058s]       |                  [01;31m[K^[m[K
[2.058s] [01m[K/home/pl/ros2_ws1/src/haik/sdk_topic_cpp/src/se.cpp:250:25:[m[K [01;36m[Knote: [m[Kto match this ‚Äò[01m[K{[m[K‚Äô
[2.058s]   250 |   void printFrameRate() [01;36m[K{[m[K
[2.058s]       |                         [01;36m[K^[m[K
[2.058s] [01m[K/home/pl/ros2_ws1/src/haik/sdk_topic_cpp/src/se.cpp:[m[K At global scope:
[2.058s] [01m[K/home/pl/ros2_ws1/src/haik/sdk_topic_cpp/src/se.cpp:258:18:[m[K [01;31m[Kerror: [m[Kexpected unqualified-id at end of input
[2.058s]   258 |       RCLCPP_WARN[01;31m[K([m[Kget_logger(), "Get frame rate failed! Error code:
[2.058s]       |                  [01;31m[K^[m[K
[2.326s] [01m[K/home/pl/ros2_ws1/src/haik/sdk_topic_cpp/src/se.cpp:59:13:[m[K [01;35m[Kwarning: [m[K‚Äò[01m[Kbool MapPixelFormat(const string&, PixelFmtMap&)[m[K‚Äô defined but not used [[01;35m[K]8;;https://gcc.gnu.org/onlinedocs/gcc/Warning-Options.html#index-Wunused-function-Wunused-function]8;;[m[K]
[2.326s]    59 | static bool [01;35m[KMapPixelFormat[m[K(const std::string& key, PixelFmtMap& out) {
[2.326s]       |             [01;35m[K^~~~~~~~~~~~~~[m[K
[2.339s] gmake[2]: *** [CMakeFiles/se.dir/build.make:76ÔºöCMakeFiles/se.dir/src/se.cpp.o] ÈîôËØØ 1
[2.340s] gmake[1]: *** [CMakeFiles/Makefile2:137ÔºöCMakeFiles/se.dir/all] ÈîôËØØ 2
[2.340s] gmake: *** [Makefile:146Ôºöall] ÈîôËØØ 2
[2.342s] Invoked command in '/home/pl/ros2_ws1/build/sdk_topic_cpp' returned '2': CMAKE_PREFIX_PATH=${CMAKE_PREFIX_PATH}:/home/pl/ros2_ws1/install/sdk_topic:/home/pl/ros2_ws1/install/sdk_launch:/opt/ros/humble /usr/bin/cmake --build /home/pl/ros2_ws1/build/sdk_topic_cpp -- -j20 -l20
