[0.171s] Invoking command in '/home/pl/ros2_ws1/build/sdk_topic_cpp': CMAKE_PREFIX_PATH=${CMAKE_PREFIX_PATH}:/home/pl/ros2_ws1/install/sdk_topic:/home/pl/ros2_ws1/install/sdk_launch:/opt/ros/humble /usr/bin/cmake --build /home/pl/ros2_ws1/build/sdk_topic_cpp -- -j20 -l20
[0.203s] [35m[1mConsolidate compiler generated dependencies of target se[0m
[0.217s] [ 50%] [32mBuilding CXX object CMakeFiles/se.dir/src/se.cpp.o[0m
[1.819s] [01m[K/home/pl/ros2_ws1/src/haik/sdk_topic_cpp/src/se.cpp:[m[K In destructor â€˜[01m[Kvirtual HikUsbBgr8Pub::~HikUsbBgr8Pub()[m[Kâ€™:
[1.819s] [01m[K/home/pl/ros2_ws1/src/haik/sdk_topic_cpp/src/se.cpp:44:5:[m[K [01;31m[Kerror: [m[Kâ€˜[01m[KstopGrab[m[Kâ€™ was not declared in this scope
[1.819s]    44 |     [01;31m[KstopGrab[m[K();
[1.820s]       |     [01;31m[K^~~~~~~~[m[K
[1.825s] [01m[K/home/pl/ros2_ws1/src/haik/sdk_topic_cpp/src/se.cpp:[m[K In member function â€˜[01m[Kbool HikUsbBgr8Pub::openBySnOrIp(const string&, const string&)[m[Kâ€™:
[1.825s] [01m[K/home/pl/ros2_ws1/src/haik/sdk_topic_cpp/src/se.cpp:74:23:[m[K [01;31m[Kerror: [m[Kâ€˜[01m[KGetSerial[m[Kâ€™ was not declared in this scope; did you mean â€˜[01m[Kserial[m[Kâ€™?
[1.825s]    74 |       const auto sn = [01;31m[KGetSerial[m[K(info);
[1.825s]       |                       [01;31m[K^~~~~~~~~[m[K
[1.825s]       |                       [32m[Kserial[m[K
[1.829s] [01m[K/home/pl/ros2_ws1/src/haik/sdk_topic_cpp/src/se.cpp:75:26:[m[K [01;31m[Kerror: [m[Kâ€˜[01m[KGetGigEIp[m[Kâ€™ was not declared in this scope
[1.830s]    75 |       const auto ipstr = [01;31m[KGetGigEIp[m[K(info);
[1.830s]       |                          [01;31m[K^~~~~~~~~[m[K
[1.837s] In file included from [01m[K/opt/ros/humble/include/rclcpp/rclcpp/logging.hpp:24[m[K,
[1.837s]                  from [01m[K/opt/ros/humble/include/rclcpp/rclcpp/client.hpp:40[m[K,
[1.837s]                  from [01m[K/opt/ros/humble/include/rclcpp/rclcpp/callback_group.hpp:24[m[K,
[1.837s]                  from [01m[K/opt/ros/humble/include/rclcpp/rclcpp/any_executable.hpp:20[m[K,
[1.837s]                  from [01m[K/opt/ros/humble/include/rclcpp/rclcpp/memory_strategy.hpp:25[m[K,
[1.837s]                  from [01m[K/opt/ros/humble/include/rclcpp/rclcpp/memory_strategies.hpp:18[m[K,
[1.837s]                  from [01m[K/opt/ros/humble/include/rclcpp/rclcpp/executor_options.hpp:20[m[K,
[1.837s]                  from [01m[K/opt/ros/humble/include/rclcpp/rclcpp/executor.hpp:37[m[K,
[1.837s]                  from [01m[K/opt/ros/humble/include/rclcpp/rclcpp/executors/multi_threaded_executor.hpp:25[m[K,
[1.838s]                  from [01m[K/opt/ros/humble/include/rclcpp/rclcpp/executors.hpp:21[m[K,
[1.838s]                  from [01m[K/opt/ros/humble/include/rclcpp/rclcpp/rclcpp.hpp:155[m[K,
[1.838s]                  from [01m[K/home/pl/ros2_ws1/src/haik/sdk_topic_cpp/src/se.cpp:6[m[K:
[1.838s] [01m[K/home/pl/ros2_ws1/src/haik/sdk_topic_cpp/src/se.cpp:[m[K In member function â€˜[01m[Kvoid HikUsbBgr8Pub::getCurrentFPS()[m[Kâ€™:
[1.838s] [01m[K/home/pl/ros2_ws1/src/haik/sdk_topic_cpp/src/se.cpp:104:77:[m[K [01;31m[Kerror: [m[Kâ€˜[01m[KMVCC_FLOATVALUE[m[Kâ€™ {aka â€˜[01m[Kstruct _MVCC_FLOATVALUE_T[m[Kâ€™} has no member named â€˜[01m[KfValue[m[Kâ€™; did you mean â€˜[01m[KfCurValue[m[Kâ€™?
[1.838s]   104 |       RCLCPP_INFO(get_logger(), "Current Frame Rate: %.2f FPS", current_fps.[01;31m[KfValue[m[K);
[1.838s]       |                                                                             [01;31m[K^~~~~~[m[K
[2.139s] gmake[2]: *** [CMakeFiles/se.dir/build.make:76ï¼šCMakeFiles/se.dir/src/se.cpp.o] é”™è¯¯ 1
[2.140s] gmake[1]: *** [CMakeFiles/Makefile2:137ï¼šCMakeFiles/se.dir/all] é”™è¯¯ 2
[2.140s] gmake: *** [Makefile:146ï¼šall] é”™è¯¯ 2
[2.142s] Invoked command in '/home/pl/ros2_ws1/build/sdk_topic_cpp' returned '2': CMAKE_PREFIX_PATH=${CMAKE_PREFIX_PATH}:/home/pl/ros2_ws1/install/sdk_topic:/home/pl/ros2_ws1/install/sdk_launch:/opt/ros/humble /usr/bin/cmake --build /home/pl/ros2_ws1/build/sdk_topic_cpp -- -j20 -l20
