[0.165s] Invoking command in '/home/pl/ros2_ws1/build/sdk_topic_cpp': CMAKE_PREFIX_PATH=${CMAKE_PREFIX_PATH}:/home/pl/ros2_ws1/install/sdk_topic:/home/pl/ros2_ws1/install/sdk_launch:/opt/ros/humble /usr/bin/cmake --build /home/pl/ros2_ws1/build/sdk_topic_cpp -- -j20 -l20
[0.201s] [35m[1mConsolidate compiler generated dependencies of target se[0m
[0.216s] [ 50%] [32mBuilding CXX object CMakeFiles/se.dir/src/se.cpp.o[0m
[1.771s] [01m[K/home/pl/ros2_ws1/src/haik/sdk_topic_cpp/src/se.cpp:[m[K In member function â€˜[01m[Kvoid HikUsbBgr8Pub::grabLoop()[m[Kâ€™:
[1.771s] [01m[K/home/pl/ros2_ws1/src/haik/sdk_topic_cpp/src/se.cpp:290:29:[m[K [01;35m[Kwarning: [m[Kunused variable â€˜[01m[Knext_buffer[m[Kâ€™ [[01;35m[K]8;;https://gcc.gnu.org/onlinedocs/gcc/Warning-Options.html#index-Wunused-variable-Wunused-variable]8;;[m[K]
[1.771s]   290 |       std::vector<uint8_t>& [01;35m[Knext_buffer[m[K = use_buffer1 ? buffer2 : buffer1;
[1.771s]       |                             [01;35m[K^~~~~~~~~~~[m[K
[1.771s] [01m[K/home/pl/ros2_ws1/src/haik/sdk_topic_cpp/src/se.cpp:[m[K In member function â€˜[01m[Kvoid HikUsbBgr8Pub::processFrame(const MV_FRAME_OUT&, std::vector<unsigned char, std::allocator<unsigned char> >&)[m[Kâ€™:
[1.771s] [01m[K/home/pl/ros2_ws1/src/haik/sdk_topic_cpp/src/se.cpp:312:44:[m[K [01;35m[Kwarning: [m[Kcomparison with string literal results in unspecified behavior [[01;35m[K]8;;https://gcc.gnu.org/onlinedocs/gcc/Warning-Options.html#index-Waddress-Waddress]8;;[m[K]
[1.771s]   312 |     size_t pixel_size = ([01;35m[Kpublish_encoding_ == "mono8"[m[K) ? 1 : 3;
[1.771s]       |                          [01;35m[K~~~~~~~~~~~~~~~~~~^~~~~~~~~~[m[K
[1.775s] [01m[K/home/pl/ros2_ws1/src/haik/sdk_topic_cpp/src/se.cpp:[m[K In member function â€˜[01m[Kvoid HikUsbBgr8Pub::publishImage(const std::vector<unsigned char, std::allocator<unsigned char> >&)[m[Kâ€™:
[1.775s] [01m[K/home/pl/ros2_ws1/src/haik/sdk_topic_cpp/src/se.cpp:342:18:[m[K [01;31m[Kerror: [m[Kâ€˜[01m[Kfi[m[Kâ€™ was not declared in this scope
[1.775s]   342 |     msg.height = [01;31m[Kfi[m[K.nHeight;
[1.775s]       |                  [01;31m[K^~[m[K
[1.775s] [01m[K/home/pl/ros2_ws1/src/haik/sdk_topic_cpp/src/se.cpp:346:47:[m[K [01;35m[Kwarning: [m[Kcomparison with string literal results in unspecified behavior [[01;35m[K]8;;https://gcc.gnu.org/onlinedocs/gcc/Warning-Options.html#index-Waddress-Waddress]8;;[m[K]
[1.775s]   346 |     msg.step = fi.nWidth * ([01;35m[Kpublish_encoding_ == "mono8"[m[K ? 1 : 3);
[1.775s]       |                             [01;35m[K~~~~~~~~~~~~~~~~~~^~~~~~~~~~[m[K
[2.340s] gmake[2]: *** [CMakeFiles/se.dir/build.make:76ï¼šCMakeFiles/se.dir/src/se.cpp.o] é”™è¯¯ 1
[2.340s] gmake[1]: *** [CMakeFiles/Makefile2:137ï¼šCMakeFiles/se.dir/all] é”™è¯¯ 2
[2.341s] gmake: *** [Makefile:146ï¼šall] é”™è¯¯ 2
[2.343s] Invoked command in '/home/pl/ros2_ws1/build/sdk_topic_cpp' returned '2': CMAKE_PREFIX_PATH=${CMAKE_PREFIX_PATH}:/home/pl/ros2_ws1/install/sdk_topic:/home/pl/ros2_ws1/install/sdk_launch:/opt/ros/humble /usr/bin/cmake --build /home/pl/ros2_ws1/build/sdk_topic_cpp -- -j20 -l20
