[35m[1mConsolidate compiler generated dependencies of target se[0m
[ 50%] [32mBuilding CXX object CMakeFiles/se.dir/src/se.cpp.o[0m
[01m[K/home/pl/ros2_ws1/src/haik/sdk_topic_cpp/src/se.cpp:[m[K In member function â€˜[01m[Kbool HikUsbBgr8Pub::openBySnOrIp(const string&, const string&)[m[Kâ€™:
[01m[K/home/pl/ros2_ws1/src/haik/sdk_topic_cpp/src/se.cpp:186:30:[m[K [01;31m[Kerror: [m[Kâ€˜[01m[Khandle[m[Kâ€™ was not declared in this scope; did you mean â€˜[01m[Khandle_[m[Kâ€™?
  186 |     ret = MV_CC_GetFrameRate([01;31m[Khandle[m[K, &frameRate);
      |                              [01;31m[K^~~~~~[m[K
      |                              [32m[Khandle_[m[K
[01m[K/home/pl/ros2_ws1/src/haik/sdk_topic_cpp/src/se.cpp:186:39:[m[K [01;31m[Kerror: [m[Kâ€˜[01m[KframeRate[m[Kâ€™ was not declared in this scope
  186 |     ret = MV_CC_GetFrameRate(handle, &[01;31m[KframeRate[m[K);
      |                                       [01;31m[K^~~~~~~~~[m[K
gmake[2]: *** [CMakeFiles/se.dir/build.make:76ï¼šCMakeFiles/se.dir/src/se.cpp.o] é”™è¯¯ 1
gmake[1]: *** [CMakeFiles/Makefile2:137ï¼šCMakeFiles/se.dir/all] é”™è¯¯ 2
gmake: *** [Makefile:146ï¼šall] é”™è¯¯ 2
