[0.159s] Invoking command in '/home/pl/ros2_ws1/build/sdk_topic_cpp': CMAKE_PREFIX_PATH=${CMAKE_PREFIX_PATH}:/home/pl/ros2_ws1/install/sdk_topic:/home/pl/ros2_ws1/install/sdk_launch:/opt/ros/humble /usr/bin/cmake --build /home/pl/ros2_ws1/build/sdk_topic_cpp -- -j20 -l20
[0.185s] [35m[1mConsolidate compiler generated dependencies of target se[0m
[0.200s] [ 50%] [32mBuilding CXX object CMakeFiles/se.dir/src/se.cpp.o[0m
[1.780s] [01m[K/home/pl/ros2_ws1/src/haik/sdk_topic_cpp/src/se.cpp:[m[K In member function â€˜[01m[Kbool HikUsbBgr8Pub::openBySnOrIp(const string&, const string&)[m[Kâ€™:
[1.780s] [01m[K/home/pl/ros2_ws1/src/haik/sdk_topic_cpp/src/se.cpp:186:30:[m[K [01;31m[Kerror: [m[Kâ€˜[01m[Khandle[m[Kâ€™ was not declared in this scope; did you mean â€˜[01m[Khandle_[m[Kâ€™?
[1.780s]   186 |     ret = MV_CC_GetFrameRate([01;31m[Khandle[m[K, &frameRate);
[1.780s]       |                              [01;31m[K^~~~~~[m[K
[1.780s]       |                              [32m[Khandle_[m[K
[1.784s] [01m[K/home/pl/ros2_ws1/src/haik/sdk_topic_cpp/src/se.cpp:186:39:[m[K [01;31m[Kerror: [m[Kâ€˜[01m[KframeRate[m[Kâ€™ was not declared in this scope
[1.784s]   186 |     ret = MV_CC_GetFrameRate(handle, &[01;31m[KframeRate[m[K);
[1.784s]       |                                       [01;31m[K^~~~~~~~~[m[K
[2.337s] gmake[2]: *** [CMakeFiles/se.dir/build.make:76ï¼šCMakeFiles/se.dir/src/se.cpp.o] é”™è¯¯ 1
[2.337s] gmake[1]: *** [CMakeFiles/Makefile2:137ï¼šCMakeFiles/se.dir/all] é”™è¯¯ 2
[2.337s] gmake: *** [Makefile:146ï¼šall] é”™è¯¯ 2
[2.339s] Invoked command in '/home/pl/ros2_ws1/build/sdk_topic_cpp' returned '2': CMAKE_PREFIX_PATH=${CMAKE_PREFIX_PATH}:/home/pl/ros2_ws1/install/sdk_topic:/home/pl/ros2_ws1/install/sdk_launch:/opt/ros/humble /usr/bin/cmake --build /home/pl/ros2_ws1/build/sdk_topic_cpp -- -j20 -l20
