[35m[1mConsolidate compiler generated dependencies of target se[0m
[ 50%] [32mBuilding CXX object CMakeFiles/se.dir/src/se.cpp.o[0m
[01m[K/home/pl/ros2_ws1/src/haik/sdk_topic_cpp/src/se.cpp:[m[K In member function â€˜[01m[Kvoid HikUsbBgr8Pub::grabLoop()[m[Kâ€™:
[01m[K/home/pl/ros2_ws1/src/haik/sdk_topic_cpp/src/se.cpp:317:24:[m[K [01;31m[Kerror: [m[Kâ€˜[01m[Kenc[m[Kâ€™ was not declared in this scope
  317 |         msg.encoding = [01;31m[Kenc[m[K ? enc : "bgr8";
      |                        [01;31m[K^~~[m[K
gmake[2]: *** [CMakeFiles/se.dir/build.make:76ï¼šCMakeFiles/se.dir/src/se.cpp.o] é”™è¯¯ 1
gmake[1]: *** [CMakeFiles/Makefile2:137ï¼šCMakeFiles/se.dir/all] é”™è¯¯ 2
gmake: *** [Makefile:146ï¼šall] é”™è¯¯ 2
