[0.182s] Invoking command in '/home/pl/ros2_ws1/build/sdk_topic_cpp': CMAKE_PREFIX_PATH=${CMAKE_PREFIX_PATH}:/home/pl/ros2_ws1/install/sdk_topic:/home/pl/ros2_ws1/install/sdk_launch:/opt/ros/humble /usr/bin/cmake --build /home/pl/ros2_ws1/build/sdk_topic_cpp -- -j20 -l20
[0.211s] [35m[1mConsolidate compiler generated dependencies of target se[0m
[0.223s] [ 50%] [32mBuilding CXX object CMakeFiles/se.dir/src/se.cpp.o[0m
[1.697s] [01m[K/home/pl/ros2_ws1/src/haik/sdk_topic_cpp/src/se.cpp:[m[K In member function â€˜[01m[Kvoid HikUsbBgr8Pub::grabLoop()[m[Kâ€™:
[1.697s] [01m[K/home/pl/ros2_ws1/src/haik/sdk_topic_cpp/src/se.cpp:317:24:[m[K [01;31m[Kerror: [m[Kâ€˜[01m[Kenc[m[Kâ€™ was not declared in this scope
[1.697s]   317 |         msg.encoding = [01;31m[Kenc[m[K ? enc : "bgr8";
[1.697s]       |                        [01;31m[K^~~[m[K
[2.214s] gmake[2]: *** [CMakeFiles/se.dir/build.make:76ï¼šCMakeFiles/se.dir/src/se.cpp.o] é”™è¯¯ 1
[2.214s] gmake[1]: *** [CMakeFiles/Makefile2:137ï¼šCMakeFiles/se.dir/all] é”™è¯¯ 2
[2.214s] gmake: *** [Makefile:146ï¼šall] é”™è¯¯ 2
[2.216s] Invoked command in '/home/pl/ros2_ws1/build/sdk_topic_cpp' returned '2': CMAKE_PREFIX_PATH=${CMAKE_PREFIX_PATH}:/home/pl/ros2_ws1/install/sdk_topic:/home/pl/ros2_ws1/install/sdk_launch:/opt/ros/humble /usr/bin/cmake --build /home/pl/ros2_ws1/build/sdk_topic_cpp -- -j20 -l20
