[0.150s] Invoking command in '/home/pl/ros2_ws1/build/sdk_topic_cpp': CMAKE_PREFIX_PATH=${CMAKE_PREFIX_PATH}:/home/pl/ros2_ws1/install/sdk_topic:/home/pl/ros2_ws1/install/sdk_launch:/opt/ros/humble /usr/bin/cmake --build /home/pl/ros2_ws1/build/sdk_topic_cpp -- -j20 -l20
[0.183s] [35m[1mConsolidate compiler generated dependencies of target se[0m
[0.196s] [ 50%] [32mBuilding CXX object CMakeFiles/se.dir/src/se.cpp.o[0m
[0.212s] [01m[K/home/pl/ros2_ws1/src/haik/sdk_topic_cpp/src/se.cpp:[m[K In function â€˜[01m[Kdouble GetCameraFrameRate(MV_CC_DEVICE_INFO*)[m[Kâ€™:
[0.212s] [01m[K/home/pl/ros2_ws1/src/haik/sdk_topic_cpp/src/se.cpp:4:46:[m[K [01;35m[Kwarning: [m[Kunused parameter â€˜[01m[KpDeviceInfo[m[Kâ€™ [[01;35m[K]8;;https://gcc.gnu.org/onlinedocs/gcc/Warning-Options.html#index-Wunused-parameter-Wunused-parameter]8;;[m[K]
[0.212s]     4 | double GetCameraFrameRate([01;35m[KMV_CC_DEVICE_INFO* pDeviceInfo[m[K)
[0.213s]       |                           [01;35m[K~~~~~~~~~~~~~~~~~~~^~~~~~~~~~~[m[K
[0.228s] [100%] [32m[1mLinking CXX executable se[0m
[0.286s] /usr/bin/ld: /usr/lib/gcc/x86_64-linux-gnu/11/../../../x86_64-linux-gnu/Scrt1.o: in function `_start':
[0.286s] (.text+0x1b): undefined reference to `main'
[0.287s] collect2: error: ld returned 1 exit status
[0.289s] gmake[2]: *** [CMakeFiles/se.dir/build.make:176ï¼šse] é”™è¯¯ 1
[0.289s] gmake[1]: *** [CMakeFiles/Makefile2:137ï¼šCMakeFiles/se.dir/all] é”™è¯¯ 2
[0.289s] gmake: *** [Makefile:146ï¼šall] é”™è¯¯ 2
[0.291s] Invoked command in '/home/pl/ros2_ws1/build/sdk_topic_cpp' returned '2': CMAKE_PREFIX_PATH=${CMAKE_PREFIX_PATH}:/home/pl/ros2_ws1/install/sdk_topic:/home/pl/ros2_ws1/install/sdk_launch:/opt/ros/humble /usr/bin/cmake --build /home/pl/ros2_ws1/build/sdk_topic_cpp -- -j20 -l20
