[0.172s] Invoking command in '/home/pl/ros2_ws1/build/sdk_topic_cpp': CMAKE_PREFIX_PATH=${CMAKE_PREFIX_PATH}:/home/pl/ros2_ws1/install/sdk_topic:/home/pl/ros2_ws1/install/sdk_launch:/opt/ros/humble /usr/bin/cmake --build /home/pl/ros2_ws1/build/sdk_topic_cpp -- -j20 -l20
[0.204s] [35m[1mConsolidate compiler generated dependencies of target se[0m
[0.215s] [ 50%] [32mBuilding CXX object CMakeFiles/se.dir/src/se.cpp.o[0m
[1.759s] [01m[K/home/pl/ros2_ws1/src/haik/sdk_topic_cpp/src/se.cpp:[m[K In member function â€˜[01m[Kbool HikUsbBgr8Pub::openBySnOrIp(const string&, const string&)[m[Kâ€™:
[1.760s] [01m[K/home/pl/ros2_ws1/src/haik/sdk_topic_cpp/src/se.cpp:187:39:[m[K [01;31m[Kerror: [m[Kcannot convert â€˜[01m[Kfloat*[m[Kâ€™ to â€˜[01m[KMVCC_FLOATVALUE*[m[Kâ€™ {aka â€˜[01m[K_MVCC_FLOATVALUE_T*[m[Kâ€™}
[1.760s]   187 |     ret = MV_CC_GetFrameRate(handle_, [01;31m[K&frameRate[m[K);
[1.760s]       |                                       [01;31m[K^~~~~~~~~~[m[K
[1.760s]       |                                       [01;31m[K|[m[K
[1.760s]       |                                       [01;31m[Kfloat*[m[K
[1.760s] In file included from [01m[K/opt/MVS/include/MvCameraControl.h:7[m[K,
[1.760s]                  from [01m[K/home/pl/ros2_ws1/src/haik/sdk_topic_cpp/src/se.cpp:19[m[K:
[1.760s] [01m[K/opt/MVS/include/MvObsoleteInterfaces.h:821:90:[m[K [01;36m[Knote: [m[K  initializing argument 2 of â€˜[01m[Kint MV_CC_GetFrameRate(void*, MVCC_FLOATVALUE*)[m[Kâ€™
[1.760s]   821 | _CAMCTRL_API int __stdcall MV_CC_GetFrameRate(IN void* handle, IN OUT [01;36m[KMVCC_FLOATVALUE* pstValue[m[K);
[1.760s]       |                                                                       [01;36m[K~~~~~~~~~~~~~~~~~^~~~~~~~[m[K
[1.760s] 
[2.285s] gmake[2]: *** [CMakeFiles/se.dir/build.make:76ï¼šCMakeFiles/se.dir/src/se.cpp.o] é”™è¯¯ 1
[2.285s] gmake[1]: *** [CMakeFiles/Makefile2:137ï¼šCMakeFiles/se.dir/all] é”™è¯¯ 2
[2.286s] gmake: *** [Makefile:146ï¼šall] é”™è¯¯ 2
[2.288s] Invoked command in '/home/pl/ros2_ws1/build/sdk_topic_cpp' returned '2': CMAKE_PREFIX_PATH=${CMAKE_PREFIX_PATH}:/home/pl/ros2_ws1/install/sdk_topic:/home/pl/ros2_ws1/install/sdk_launch:/opt/ros/humble /usr/bin/cmake --build /home/pl/ros2_ws1/build/sdk_topic_cpp -- -j20 -l20
