[0.174s] Invoking command in '/home/pl/ros2_ws1/build/sdk_topic_cpp': CMAKE_PREFIX_PATH=${CMAKE_PREFIX_PATH}:/home/pl/ros2_ws1/install/sdk_topic:/home/pl/ros2_ws1/install/sdk_launch:/opt/ros/humble /usr/bin/cmake --build /home/pl/ros2_ws1/build/sdk_topic_cpp -- -j20 -l20
[0.212s] [35m[1mConsolidate compiler generated dependencies of target se[0m
[0.225s] [ 50%] [32mBuilding CXX object CMakeFiles/se.dir/src/se.cpp.o[0m
[1.727s] [01m[K/home/pl/ros2_ws1/src/haik/sdk_topic_cpp/src/se.cpp:[m[K In member function â€˜[01m[Kvoid HikUsbBgr8Pub::grabLoop()[m[Kâ€™:
[1.727s] [01m[K/home/pl/ros2_ws1/src/haik/sdk_topic_cpp/src/se.cpp:299:29:[m[K [01;31m[Kerror: [m[Kinvalid conversion from â€˜[01m[Kunsigned int[m[Kâ€™ to â€˜[01m[KMvGvspPixelType[m[Kâ€™ [[01;31m[K]8;;https://gcc.gnu.org/onlinedocs/gcc/Warning-Options.html#index-fpermissive-fpermissive]8;;[m[K]
[1.727s]   299 |       conv.enDstPixelType = [01;31m[Kdst_pix[m[K;
[1.727s]       |                             [01;31m[K^~~~~~~[m[K
[1.727s]       |                             [01;31m[K|[m[K
[1.727s]       |                             [01;31m[Kunsigned int[m[K
[1.728s] In file included from [01m[K/opt/ros/humble/include/rclcpp/rclcpp/logging.hpp:24[m[K,
[1.728s]                  from [01m[K/opt/ros/humble/include/rclcpp/rclcpp/client.hpp:40[m[K,
[1.728s]                  from [01m[K/opt/ros/humble/include/rclcpp/rclcpp/callback_group.hpp:24[m[K,
[1.728s]                  from [01m[K/opt/ros/humble/include/rclcpp/rclcpp/any_executable.hpp:20[m[K,
[1.728s]                  from [01m[K/opt/ros/humble/include/rclcpp/rclcpp/memory_strategy.hpp:25[m[K,
[1.728s]                  from [01m[K/opt/ros/humble/include/rclcpp/rclcpp/memory_strategies.hpp:18[m[K,
[1.728s]                  from [01m[K/opt/ros/humble/include/rclcpp/rclcpp/executor_options.hpp:20[m[K,
[1.728s]                  from [01m[K/opt/ros/humble/include/rclcpp/rclcpp/executor.hpp:37[m[K,
[1.728s]                  from [01m[K/opt/ros/humble/include/rclcpp/rclcpp/executors/multi_threaded_executor.hpp:25[m[K,
[1.728s]                  from [01m[K/opt/ros/humble/include/rclcpp/rclcpp/executors.hpp:21[m[K,
[1.728s]                  from [01m[K/opt/ros/humble/include/rclcpp/rclcpp/rclcpp.hpp:155[m[K,
[1.728s]                  from [01m[K/home/pl/ros2_ws1/src/haik/sdk_topic_cpp/src/se.cpp:1[m[K:
[1.728s] [01m[K/home/pl/ros2_ws1/src/haik/sdk_topic_cpp/src/se.cpp:313:32:[m[K [01;35m[Kwarning: [m[Kformat â€˜[01m[K%x[m[Kâ€™ expects argument of type â€˜[01m[Kunsigned int[m[Kâ€™, but argument 6 has type â€˜[01m[Klong int[m[Kâ€™ [[01;35m[K]8;;https://gcc.gnu.org/onlinedocs/gcc/Warning-Options.html#index-Wformat=-Wformat=]8;;[m[K]
[1.728s]   313 |                                [01;35m[K"ConvertPixelType failed: 0x%x (src=0x%x dst=0x%x)"[m[K,
[1.728s]       |                                [01;35m[K^~~~~~~~~~~~~~~~~~~~~~~~~~~~~~~~~~~~~~~~~~~~~~~~~~~[m[K
[1.728s]   314 |                                ret, [32m[Kfi.enPixelType[m[K, dst_pix);
[1.728s]       |                                     [32m[K~~~~~~~~~~~~~~[m[K
[1.728s]       |                                        [32m[K|[m[K
[1.728s]       |                                        [32m[Klong int[m[K
[1.728s] [01m[K/home/pl/ros2_ws1/src/haik/sdk_topic_cpp/src/se.cpp:313:71:[m[K [01;36m[Knote: [m[Kformat string is defined here
[1.728s]   313 |                                "ConvertPixelType failed: 0x%x (src=0x[01;36m[K%x[m[K dst=0x%x)",
[1.728s]       |                                                                      [01;36m[K~^[m[K
[1.728s]       |                                                                       [01;36m[K|[m[K
[1.728s]       |                                                                       [01;36m[Kunsigned int[m[K
[1.728s]       |                                                                      [32m[K%lx[m[K
[2.262s] gmake[2]: *** [CMakeFiles/se.dir/build.make:76ï¼šCMakeFiles/se.dir/src/se.cpp.o] é”™è¯¯ 1
[2.263s] gmake[1]: *** [CMakeFiles/Makefile2:137ï¼šCMakeFiles/se.dir/all] é”™è¯¯ 2
[2.263s] gmake: *** [Makefile:146ï¼šall] é”™è¯¯ 2
[2.265s] Invoked command in '/home/pl/ros2_ws1/build/sdk_topic_cpp' returned '2': CMAKE_PREFIX_PATH=${CMAKE_PREFIX_PATH}:/home/pl/ros2_ws1/install/sdk_topic:/home/pl/ros2_ws1/install/sdk_launch:/opt/ros/humble /usr/bin/cmake --build /home/pl/ros2_ws1/build/sdk_topic_cpp -- -j20 -l20
