[0.168s] Invoking command in '/home/pl/ros2_ws1/build/sdk_topic_cpp': CMAKE_PREFIX_PATH=${CMAKE_PREFIX_PATH}:/home/pl/ros2_ws1/install/sdk_topic:/home/pl/ros2_ws1/install/sdk_launch:/opt/ros/humble /usr/bin/cmake --build /home/pl/ros2_ws1/build/sdk_topic_cpp -- -j20 -l20
[0.198s] [35m[1mConsolidate compiler generated dependencies of target se[0m
[0.207s] [ 50%] [32mBuilding CXX object CMakeFiles/se.dir/src/se.cpp.o[0m
[0.361s] [01m[K/home/pl/ros2_ws1/src/haik/sdk_topic_cpp/src/se.cpp:[m[K In function â€˜[01m[Kdouble GetCameraFrameRate(MV_CC_DEVICE_INFO*)[m[Kâ€™:
[0.361s] [01m[K/home/pl/ros2_ws1/src/haik/sdk_topic_cpp/src/se.cpp:4:46:[m[K [01;35m[Kwarning: [m[Kunused parameter â€˜[01m[KpDeviceInfo[m[Kâ€™ [[01;35m[K]8;;https://gcc.gnu.org/onlinedocs/gcc/Warning-Options.html#index-Wunused-parameter-Wunused-parameter]8;;[m[K]
[0.361s]     4 | double GetCameraFrameRate([01;35m[KMV_CC_DEVICE_INFO* pDeviceInfo[m[K)
[0.361s]       |                           [01;35m[K~~~~~~~~~~~~~~~~~~~^~~~~~~~~~~[m[K
[0.361s] [01m[K/home/pl/ros2_ws1/src/haik/sdk_topic_cpp/src/se.cpp:[m[K In function â€˜[01m[Kint main()[m[Kâ€™:
[0.361s] [01m[K/home/pl/ros2_ws1/src/haik/sdk_topic_cpp/src/se.cpp:28:5:[m[K [01;31m[Kerror: [m[Kâ€˜[01m[Kmemset[m[Kâ€™ was not declared in this scope
[0.361s]    28 |     [01;31m[Kmemset[m[K(&deviceInfo, 0, sizeof(MV_CC_DEVICE_INFO));
[0.362s]       |     [01;31m[K^~~~~~[m[K
[0.362s] [01m[K/home/pl/ros2_ws1/src/haik/sdk_topic_cpp/src/se.cpp:3:1:[m[K [01;36m[Knote: [m[Kâ€˜[01m[Kmemset[m[Kâ€™ is defined in header â€˜[01m[K<cstring>[m[Kâ€™; did you forget to â€˜[01m[K#include <cstring>[m[Kâ€™?
[0.362s]     2 | #include "MvCameraControl.h"
[0.362s]   +++ |+[32m[K#include <cstring>[m[K
[0.362s]     3 | 
[0.382s] gmake[2]: *** [CMakeFiles/se.dir/build.make:76ï¼šCMakeFiles/se.dir/src/se.cpp.o] é”™è¯¯ 1
[0.383s] gmake[1]: *** [CMakeFiles/Makefile2:137ï¼šCMakeFiles/se.dir/all] é”™è¯¯ 2
[0.383s] gmake: *** [Makefile:146ï¼šall] é”™è¯¯ 2
[0.505s] Invoked command in '/home/pl/ros2_ws1/build/sdk_topic_cpp' returned '2': CMAKE_PREFIX_PATH=${CMAKE_PREFIX_PATH}:/home/pl/ros2_ws1/install/sdk_topic:/home/pl/ros2_ws1/install/sdk_launch:/opt/ros/humble /usr/bin/cmake --build /home/pl/ros2_ws1/build/sdk_topic_cpp -- -j20 -l20
